1529 [main] ERROR o.s.boot.SpringApplication - Application run failed
org.springframework.boot.context.properties.bind.BindException: Failed to bind properties under 'logging.level[1]' to org.springframework.boot.logging.LogLevel
	at org.springframework.boot.context.properties.bind.Binder.handleBindError(Binder.java:364)
	at org.springframework.boot.context.properties.bind.Binder.bind(Binder.java:324)
	at org.springframework.boot.context.properties.bind.Binder.lambda$null$1(Binder.java:412)
	at org.springframework.boot.context.properties.bind.Binder$Context.withSource(Binder.java:543)
	at org.springframework.boot.context.properties.bind.Binder$Context.access$900(Binder.java:513)
	at org.springframework.boot.context.properties.bind.Binder.lambda$bindAggregate$2(Binder.java:413)
	at org.springframework.boot.context.properties.bind.AggregateElementBinder.bind(AggregateElementBinder.java:39)
	at org.springframework.boot.context.properties.bind.MapBinder$EntryBinder.lambda$bindEntries$0(MapBinder.java:157)
	at java.base/java.util.HashMap.computeIfAbsent(HashMap.java:1133)
	at org.springframework.boot.context.properties.bind.MapBinder$EntryBinder.bindEntries(MapBinder.java:157)
	at org.springframework.boot.context.properties.bind.MapBinder.bindAggregate(MapBinder.java:68)
	at org.springframework.boot.context.properties.bind.AggregateBinder.bind(AggregateBinder.java:56)
	at org.springframework.boot.context.properties.bind.Binder.lambda$bindAggregate$3(Binder.java:415)
	at org.springframework.boot.context.properties.bind.Binder$Context.withIncreasedDepth(Binder.java:572)
	at org.springframework.boot.context.properties.bind.Binder$Context.access$100(Binder.java:513)
	at org.springframework.boot.context.properties.bind.Binder.bindAggregate(Binder.java:415)
	at org.springframework.boot.context.properties.bind.Binder.bindObject(Binder.java:376)
	at org.springframework.boot.context.properties.bind.Binder.bind(Binder.java:320)
	at org.springframework.boot.context.properties.bind.Binder.bind(Binder.java:308)
	at org.springframework.boot.context.properties.bind.Binder.bind(Binder.java:238)
	at org.springframework.boot.context.properties.bind.Binder.bind(Binder.java:212)
	at org.springframework.boot.context.logging.LoggingApplicationListener.setLogLevels(LoggingApplicationListener.java:398)
	at org.springframework.boot.context.logging.LoggingApplicationListener.initializeFinalLoggingLevels(LoggingApplicationListener.java:338)
	at org.springframework.boot.context.logging.LoggingApplicationListener.initialize(LoggingApplicationListener.java:289)
	at org.springframework.boot.context.logging.LoggingApplicationListener.onApplicationEnvironmentPreparedEvent(LoggingApplicationListener.java:246)
	at org.springframework.boot.context.logging.LoggingApplicationListener.onApplicationEvent(LoggingApplicationListener.java:223)
	at org.springframework.context.event.SimpleApplicationEventMulticaster.doInvokeListener(SimpleApplicationEventMulticaster.java:172)
	at org.springframework.context.event.SimpleApplicationEventMulticaster.invokeListener(SimpleApplicationEventMulticaster.java:165)
	at org.springframework.context.event.SimpleApplicationEventMulticaster.multicastEvent(SimpleApplicationEventMulticaster.java:139)
	at org.springframework.context.event.SimpleApplicationEventMulticaster.multicastEvent(SimpleApplicationEventMulticaster.java:127)
	at org.springframework.boot.context.event.EventPublishingRunListener.environmentPrepared(EventPublishingRunListener.java:76)
	at org.springframework.boot.SpringApplicationRunListeners.environmentPrepared(SpringApplicationRunListeners.java:53)
	at org.springframework.boot.SpringApplication.prepareEnvironment(SpringApplication.java:345)
	at org.springframework.boot.SpringApplication.run(SpringApplication.java:308)
	at org.springframework.boot.builder.SpringApplicationBuilder.run(SpringApplicationBuilder.java:140)
	at org.springframework.cloud.bootstrap.BootstrapApplicationListener.bootstrapServiceContext(BootstrapApplicationListener.java:212)
	at org.springframework.cloud.bootstrap.BootstrapApplicationListener.onApplicationEvent(BootstrapApplicationListener.java:117)
	at org.springframework.cloud.bootstrap.BootstrapApplicationListener.onApplicationEvent(BootstrapApplicationListener.java:74)
	at org.springframework.context.event.SimpleApplicationEventMulticaster.doInvokeListener(SimpleApplicationEventMulticaster.java:172)
	at org.springframework.context.event.SimpleApplicationEventMulticaster.invokeListener(SimpleApplicationEventMulticaster.java:165)
	at org.springframework.context.event.SimpleApplicationEventMulticaster.multicastEvent(SimpleApplicationEventMulticaster.java:139)
	at org.springframework.context.event.SimpleApplicationEventMulticaster.multicastEvent(SimpleApplicationEventMulticaster.java:127)
	at org.springframework.boot.context.event.EventPublishingRunListener.environmentPrepared(EventPublishingRunListener.java:76)
	at org.springframework.boot.SpringApplicationRunListeners.environmentPrepared(SpringApplicationRunListeners.java:53)
	at org.springframework.boot.SpringApplication.prepareEnvironment(SpringApplication.java:345)
	at org.springframework.boot.SpringApplication.run(SpringApplication.java:308)
	at org.springframework.boot.SpringApplication.run(SpringApplication.java:1226)
	at org.springframework.boot.SpringApplication.run(SpringApplication.java:1215)
	at com.it.songservice.SongServiceApplication.main(SongServiceApplication.java:27)
Caused by: org.springframework.core.convert.ConversionFailedException: Failed to convert from type [java.lang.String] to type [org.springframework.boot.logging.LogLevel] for value 'com.memorynotfound=debug'; nested exception is java.lang.IllegalArgumentException: No enum constant org.springframework.boot.logging.LogLevel.com.memorynotfound=debug
	at org.springframework.core.convert.support.ConversionUtils.invokeConverter(ConversionUtils.java:47)
	at org.springframework.core.convert.support.GenericConversionService.convert(GenericConversionService.java:191)
	at org.springframework.boot.context.properties.bind.BindConverter$CompositeConversionService.convert(BindConverter.java:170)
	at org.springframework.boot.context.properties.bind.BindConverter.convert(BindConverter.java:96)
	at org.springframework.boot.context.properties.bind.BindConverter.convert(BindConverter.java:88)
	at org.springframework.boot.context.properties.bind.Binder.bindProperty(Binder.java:435)
	at org.springframework.boot.context.properties.bind.Binder.bindObject(Binder.java:380)
	at org.springframework.boot.context.properties.bind.Binder.bind(Binder.java:320)
	... 47 common frames omitted
Caused by: java.lang.IllegalArgumentException: No enum constant org.springframework.boot.logging.LogLevel.com.memorynotfound=debug
	at org.springframework.boot.convert.LenientObjectToEnumConverterFactory$LenientToEnumConverter.findEnum(LenientObjectToEnumConverterFactory.java:93)
	at org.springframework.boot.convert.LenientObjectToEnumConverterFactory$LenientToEnumConverter.convert(LenientObjectToEnumConverterFactory.java:80)
	at org.springframework.boot.convert.LenientObjectToEnumConverterFactory$LenientToEnumConverter.convert(LenientObjectToEnumConverterFactory.java:61)
	at org.springframework.core.convert.support.GenericConversionService$ConverterFactoryAdapter.convert(GenericConversionService.java:436)
	at org.springframework.core.convert.support.ConversionUtils.invokeConverter(ConversionUtils.java:41)
	... 54 common frames omitted
1534 [main] ERROR o.s.boot.SpringApplication - Application run failed
org.springframework.boot.context.properties.bind.BindException: Failed to bind properties under 'logging.level[1]' to org.springframework.boot.logging.LogLevel
	at org.springframework.boot.context.properties.bind.Binder.handleBindError(Binder.java:364)
	at org.springframework.boot.context.properties.bind.Binder.bind(Binder.java:324)
	at org.springframework.boot.context.properties.bind.Binder.lambda$null$1(Binder.java:412)
	at org.springframework.boot.context.properties.bind.Binder$Context.withSource(Binder.java:543)
	at org.springframework.boot.context.properties.bind.Binder$Context.access$900(Binder.java:513)
	at org.springframework.boot.context.properties.bind.Binder.lambda$bindAggregate$2(Binder.java:413)
	at org.springframework.boot.context.properties.bind.AggregateElementBinder.bind(AggregateElementBinder.java:39)
	at org.springframework.boot.context.properties.bind.MapBinder$EntryBinder.lambda$bindEntries$0(MapBinder.java:157)
	at java.base/java.util.HashMap.computeIfAbsent(HashMap.java:1133)
	at org.springframework.boot.context.properties.bind.MapBinder$EntryBinder.bindEntries(MapBinder.java:157)
	at org.springframework.boot.context.properties.bind.MapBinder.bindAggregate(MapBinder.java:68)
	at org.springframework.boot.context.properties.bind.AggregateBinder.bind(AggregateBinder.java:56)
	at org.springframework.boot.context.properties.bind.Binder.lambda$bindAggregate$3(Binder.java:415)
	at org.springframework.boot.context.properties.bind.Binder$Context.withIncreasedDepth(Binder.java:572)
	at org.springframework.boot.context.properties.bind.Binder$Context.access$100(Binder.java:513)
	at org.springframework.boot.context.properties.bind.Binder.bindAggregate(Binder.java:415)
	at org.springframework.boot.context.properties.bind.Binder.bindObject(Binder.java:376)
	at org.springframework.boot.context.properties.bind.Binder.bind(Binder.java:320)
	at org.springframework.boot.context.properties.bind.Binder.bind(Binder.java:308)
	at org.springframework.boot.context.properties.bind.Binder.bind(Binder.java:238)
	at org.springframework.boot.context.properties.bind.Binder.bind(Binder.java:212)
	at org.springframework.boot.context.logging.LoggingApplicationListener.setLogLevels(LoggingApplicationListener.java:398)
	at org.springframework.boot.context.logging.LoggingApplicationListener.initializeFinalLoggingLevels(LoggingApplicationListener.java:338)
	at org.springframework.boot.context.logging.LoggingApplicationListener.initialize(LoggingApplicationListener.java:289)
	at org.springframework.boot.context.logging.LoggingApplicationListener.onApplicationEnvironmentPreparedEvent(LoggingApplicationListener.java:246)
	at org.springframework.boot.context.logging.LoggingApplicationListener.onApplicationEvent(LoggingApplicationListener.java:223)
	at org.springframework.context.event.SimpleApplicationEventMulticaster.doInvokeListener(SimpleApplicationEventMulticaster.java:172)
	at org.springframework.context.event.SimpleApplicationEventMulticaster.invokeListener(SimpleApplicationEventMulticaster.java:165)
	at org.springframework.context.event.SimpleApplicationEventMulticaster.multicastEvent(SimpleApplicationEventMulticaster.java:139)
	at org.springframework.context.event.SimpleApplicationEventMulticaster.multicastEvent(SimpleApplicationEventMulticaster.java:127)
	at org.springframework.boot.context.event.EventPublishingRunListener.environmentPrepared(EventPublishingRunListener.java:76)
	at org.springframework.boot.SpringApplicationRunListeners.environmentPrepared(SpringApplicationRunListeners.java:53)
	at org.springframework.boot.SpringApplication.prepareEnvironment(SpringApplication.java:345)
	at org.springframework.boot.SpringApplication.run(SpringApplication.java:308)
	at org.springframework.boot.builder.SpringApplicationBuilder.run(SpringApplicationBuilder.java:140)
	at org.springframework.cloud.bootstrap.BootstrapApplicationListener.bootstrapServiceContext(BootstrapApplicationListener.java:212)
	at org.springframework.cloud.bootstrap.BootstrapApplicationListener.onApplicationEvent(BootstrapApplicationListener.java:117)
	at org.springframework.cloud.bootstrap.BootstrapApplicationListener.onApplicationEvent(BootstrapApplicationListener.java:74)
	at org.springframework.context.event.SimpleApplicationEventMulticaster.doInvokeListener(SimpleApplicationEventMulticaster.java:172)
	at org.springframework.context.event.SimpleApplicationEventMulticaster.invokeListener(SimpleApplicationEventMulticaster.java:165)
	at org.springframework.context.event.SimpleApplicationEventMulticaster.multicastEvent(SimpleApplicationEventMulticaster.java:139)
	at org.springframework.context.event.SimpleApplicationEventMulticaster.multicastEvent(SimpleApplicationEventMulticaster.java:127)
	at org.springframework.boot.context.event.EventPublishingRunListener.environmentPrepared(EventPublishingRunListener.java:76)
	at org.springframework.boot.SpringApplicationRunListeners.environmentPrepared(SpringApplicationRunListeners.java:53)
	at org.springframework.boot.SpringApplication.prepareEnvironment(SpringApplication.java:345)
	at org.springframework.boot.SpringApplication.run(SpringApplication.java:308)
	at org.springframework.boot.SpringApplication.run(SpringApplication.java:1226)
	at org.springframework.boot.SpringApplication.run(SpringApplication.java:1215)
	at com.it.songservice.SongServiceApplication.main(SongServiceApplication.java:27)
Caused by: org.springframework.core.convert.ConversionFailedException: Failed to convert from type [java.lang.String] to type [org.springframework.boot.logging.LogLevel] for value 'com.memorynotfound=debug'; nested exception is java.lang.IllegalArgumentException: No enum constant org.springframework.boot.logging.LogLevel.com.memorynotfound=debug
	at org.springframework.core.convert.support.ConversionUtils.invokeConverter(ConversionUtils.java:47)
	at org.springframework.core.convert.support.GenericConversionService.convert(GenericConversionService.java:191)
	at org.springframework.boot.context.properties.bind.BindConverter$CompositeConversionService.convert(BindConverter.java:170)
	at org.springframework.boot.context.properties.bind.BindConverter.convert(BindConverter.java:96)
	at org.springframework.boot.context.properties.bind.BindConverter.convert(BindConverter.java:88)
	at org.springframework.boot.context.properties.bind.Binder.bindProperty(Binder.java:435)
	at org.springframework.boot.context.properties.bind.Binder.bindObject(Binder.java:380)
	at org.springframework.boot.context.properties.bind.Binder.bind(Binder.java:320)
	... 47 common frames omitted
Caused by: java.lang.IllegalArgumentException: No enum constant org.springframework.boot.logging.LogLevel.com.memorynotfound=debug
	at org.springframework.boot.convert.LenientObjectToEnumConverterFactory$LenientToEnumConverter.findEnum(LenientObjectToEnumConverterFactory.java:93)
	at org.springframework.boot.convert.LenientObjectToEnumConverterFactory$LenientToEnumConverter.convert(LenientObjectToEnumConverterFactory.java:80)
	at org.springframework.boot.convert.LenientObjectToEnumConverterFactory$LenientToEnumConverter.convert(LenientObjectToEnumConverterFactory.java:61)
	at org.springframework.core.convert.support.GenericConversionService$ConverterFactoryAdapter.convert(GenericConversionService.java:436)
	at org.springframework.core.convert.support.ConversionUtils.invokeConverter(ConversionUtils.java:41)
	... 54 common frames omitted
2910 [main] INFO  o.s.c.c.c.ConfigServicePropertySourceLocator - Fetching config from server at : http://localhost:8888
3858 [main] INFO  o.s.c.c.c.ConfigServicePropertySourceLocator - Located environment: name=song-service, profiles=[default], label=null, version=null, state=null
3860 [main] INFO  o.s.c.b.c.PropertySourceBootstrapConfiguration - Located property source: [BootstrapPropertySource {name='bootstrapProperties-classpath:/shared/song-service.yml'}, BootstrapPropertySource {name='bootstrapProperties-classpath:/shared/application.yml'}]
3946 [main] INFO  c.i.s.SongServiceApplication - The following profiles are active: prod
5331 [main] INFO  o.s.d.r.c.RepositoryConfigurationDelegate - Multiple Spring Data modules found, entering strict repository configuration mode!
5331 [main] INFO  o.s.d.r.c.RepositoryConfigurationDelegate - Bootstrapping Spring Data JPA repositories in DEFAULT mode.
5473 [main] INFO  o.s.d.r.c.RepositoryConfigurationDelegate - Finished Spring Data repository scanning in 130ms. Found 5 JPA repository interfaces.
5490 [main] INFO  o.s.d.r.c.RepositoryConfigurationDelegate - Multiple Spring Data modules found, entering strict repository configuration mode!
5492 [main] INFO  o.s.d.r.c.RepositoryConfigurationDelegate - Bootstrapping Spring Data Redis repositories in DEFAULT mode.
5519 [main] INFO  o.s.d.r.c.RepositoryConfigurationExtensionSupport - Spring Data Redis - Could not safely identify store assignment for repository candidate interface com.it.songservice.repository.AlbumRepository. If you want this repository to be a Redis repository, consider annotating your entities with one of these annotations: org.springframework.data.redis.core.RedisHash (preferred), or consider extending one of the following types with your repository: org.springframework.data.keyvalue.repository.KeyValueRepository.
5521 [main] INFO  o.s.d.r.c.RepositoryConfigurationExtensionSupport - Spring Data Redis - Could not safely identify store assignment for repository candidate interface com.it.songservice.repository.ArtistRepository. If you want this repository to be a Redis repository, consider annotating your entities with one of these annotations: org.springframework.data.redis.core.RedisHash (preferred), or consider extending one of the following types with your repository: org.springframework.data.keyvalue.repository.KeyValueRepository.
5522 [main] INFO  o.s.d.r.c.RepositoryConfigurationExtensionSupport - Spring Data Redis - Could not safely identify store assignment for repository candidate interface com.it.songservice.repository.GenreRepository. If you want this repository to be a Redis repository, consider annotating your entities with one of these annotations: org.springframework.data.redis.core.RedisHash (preferred), or consider extending one of the following types with your repository: org.springframework.data.keyvalue.repository.KeyValueRepository.
5524 [main] INFO  o.s.d.r.c.RepositoryConfigurationExtensionSupport - Spring Data Redis - Could not safely identify store assignment for repository candidate interface com.it.songservice.repository.ResourceRepository. If you want this repository to be a Redis repository, consider annotating your entities with one of these annotations: org.springframework.data.redis.core.RedisHash (preferred), or consider extending one of the following types with your repository: org.springframework.data.keyvalue.repository.KeyValueRepository.
5525 [main] INFO  o.s.d.r.c.RepositoryConfigurationExtensionSupport - Spring Data Redis - Could not safely identify store assignment for repository candidate interface com.it.songservice.repository.SongRepository. If you want this repository to be a Redis repository, consider annotating your entities with one of these annotations: org.springframework.data.redis.core.RedisHash (preferred), or consider extending one of the following types with your repository: org.springframework.data.keyvalue.repository.KeyValueRepository.
5525 [main] INFO  o.s.d.r.c.RepositoryConfigurationDelegate - Finished Spring Data repository scanning in 24ms. Found 0 Redis repository interfaces.
6120 [main] INFO  o.s.c.context.scope.GenericScope - BeanFactory id=8e6b3a12-0bcb-3ba2-bc49-2f824245bd41
6312 [main] INFO  o.s.c.s.PostProcessorRegistrationDelegate$BeanPostProcessorChecker - Bean 'com.it.songservice.feign.auth.AuthServiceClient' of type [org.springframework.cloud.openfeign.FeignClientFactoryBean] is not eligible for getting processed by all BeanPostProcessors (for example: not eligible for auto-proxying)
6313 [main] INFO  o.s.c.s.PostProcessorRegistrationDelegate$BeanPostProcessorChecker - Bean 'com.it.songservice.feign.conversion.ConversionClient' of type [org.springframework.cloud.openfeign.FeignClientFactoryBean] is not eligible for getting processed by all BeanPostProcessors (for example: not eligible for auto-proxying)
6315 [main] INFO  o.s.c.s.PostProcessorRegistrationDelegate$BeanPostProcessorChecker - Bean 'com.it.songservice.feign.index.SongIndexClient' of type [org.springframework.cloud.openfeign.FeignClientFactoryBean] is not eligible for getting processed by all BeanPostProcessors (for example: not eligible for auto-proxying)
6499 [main] INFO  o.s.c.s.PostProcessorRegistrationDelegate$BeanPostProcessorChecker - Bean 'org.springframework.security.access.expression.method.DefaultMethodSecurityExpressionHandler@37ffe4f3' of type [org.springframework.security.access.expression.method.DefaultMethodSecurityExpressionHandler] is not eligible for getting processed by all BeanPostProcessors (for example: not eligible for auto-proxying)
6507 [main] INFO  o.s.c.s.PostProcessorRegistrationDelegate$BeanPostProcessorChecker - Bean 'methodSecurityMetadataSource' of type [org.springframework.security.access.method.DelegatingMethodSecurityMetadataSource] is not eligible for getting processed by all BeanPostProcessors (for example: not eligible for auto-proxying)
6520 [main] INFO  o.s.c.s.PostProcessorRegistrationDelegate$BeanPostProcessorChecker - Bean 'resourceStorageServiceManager' of type [com.it.songservice.service.storage.resource.ResourceStorageServiceManager] is not eligible for getting processed by all BeanPostProcessors (for example: not eligible for auto-proxying)
6530 [main] INFO  o.s.c.s.PostProcessorRegistrationDelegate$BeanPostProcessorChecker - Bean 'org.springframework.boot.autoconfigure.cache.RedisCacheConfiguration' of type [org.springframework.boot.autoconfigure.cache.RedisCacheConfiguration] is not eligible for getting processed by all BeanPostProcessors (for example: not eligible for auto-proxying)
6536 [main] INFO  o.s.c.s.PostProcessorRegistrationDelegate$BeanPostProcessorChecker - Bean 'spring.cache-org.springframework.boot.autoconfigure.cache.CacheProperties' of type [org.springframework.boot.autoconfigure.cache.CacheProperties] is not eligible for getting processed by all BeanPostProcessors (for example: not eligible for auto-proxying)
6540 [main] INFO  o.s.c.s.PostProcessorRegistrationDelegate$BeanPostProcessorChecker - Bean 'org.springframework.boot.autoconfigure.cache.CacheAutoConfiguration' of type [org.springframework.boot.autoconfigure.cache.CacheAutoConfiguration] is not eligible for getting processed by all BeanPostProcessors (for example: not eligible for auto-proxying)
6547 [main] INFO  o.s.c.s.PostProcessorRegistrationDelegate$BeanPostProcessorChecker - Bean 'cacheManagerCustomizers' of type [org.springframework.boot.autoconfigure.cache.CacheManagerCustomizers] is not eligible for getting processed by all BeanPostProcessors (for example: not eligible for auto-proxying)
6554 [main] INFO  o.s.c.s.PostProcessorRegistrationDelegate$BeanPostProcessorChecker - Bean 'spring.redis-org.springframework.boot.autoconfigure.data.redis.RedisProperties' of type [org.springframework.boot.autoconfigure.data.redis.RedisProperties] is not eligible for getting processed by all BeanPostProcessors (for example: not eligible for auto-proxying)
6563 [main] INFO  o.s.c.s.PostProcessorRegistrationDelegate$BeanPostProcessorChecker - Bean 'org.springframework.boot.autoconfigure.data.redis.JedisConnectionConfiguration' of type [org.springframework.boot.autoconfigure.data.redis.JedisConnectionConfiguration] is not eligible for getting processed by all BeanPostProcessors (for example: not eligible for auto-proxying)
6654 [main] INFO  o.s.c.s.PostProcessorRegistrationDelegate$BeanPostProcessorChecker - Bean 'redisConnectionFactory' of type [org.springframework.data.redis.connection.jedis.JedisConnectionFactory] is not eligible for getting processed by all BeanPostProcessors (for example: not eligible for auto-proxying)
6680 [main] INFO  o.s.c.s.PostProcessorRegistrationDelegate$BeanPostProcessorChecker - Bean 'cacheManager' of type [org.springframework.data.redis.cache.RedisCacheManager] is not eligible for getting processed by all BeanPostProcessors (for example: not eligible for auto-proxying)
6685 [main] INFO  o.s.c.s.PostProcessorRegistrationDelegate$BeanPostProcessorChecker - Bean 'org.springframework.boot.autoconfigure.jdbc.DataSourceConfiguration$Hikari' of type [org.springframework.boot.autoconfigure.jdbc.DataSourceConfiguration$Hikari] is not eligible for getting processed by all BeanPostProcessors (for example: not eligible for auto-proxying)
6695 [main] INFO  o.s.c.s.PostProcessorRegistrationDelegate$BeanPostProcessorChecker - Bean 'spring.datasource-org.springframework.boot.autoconfigure.jdbc.DataSourceProperties' of type [org.springframework.boot.autoconfigure.jdbc.DataSourceProperties] is not eligible for getting processed by all BeanPostProcessors (for example: not eligible for auto-proxying)
6738 [main] INFO  o.s.c.s.PostProcessorRegistrationDelegate$BeanPostProcessorChecker - Bean 'dataSource' of type [com.zaxxer.hikari.HikariDataSource] is not eligible for getting processed by all BeanPostProcessors (for example: not eligible for auto-proxying)
6764 [main] INFO  o.s.c.s.PostProcessorRegistrationDelegate$BeanPostProcessorChecker - Bean 'org.springframework.boot.autoconfigure.jdbc.DataSourceInitializerInvoker' of type [org.springframework.boot.autoconfigure.jdbc.DataSourceInitializerInvoker] is not eligible for getting processed by all BeanPostProcessors (for example: not eligible for auto-proxying)
6772 [main] INFO  o.s.c.s.PostProcessorRegistrationDelegate$BeanPostProcessorChecker - Bean 'spring.jpa-org.springframework.boot.autoconfigure.orm.jpa.JpaProperties' of type [org.springframework.boot.autoconfigure.orm.jpa.JpaProperties] is not eligible for getting processed by all BeanPostProcessors (for example: not eligible for auto-proxying)
6781 [main] INFO  o.s.c.s.PostProcessorRegistrationDelegate$BeanPostProcessorChecker - Bean 'spring.jpa.hibernate-org.springframework.boot.autoconfigure.orm.jpa.HibernateProperties' of type [org.springframework.boot.autoconfigure.orm.jpa.HibernateProperties] is not eligible for getting processed by all BeanPostProcessors (for example: not eligible for auto-proxying)
6785 [main] INFO  o.s.c.s.PostProcessorRegistrationDelegate$BeanPostProcessorChecker - Bean 'org.springframework.boot.autoconfigure.jdbc.metadata.DataSourcePoolMetadataProvidersConfiguration$HikariPoolDataSourceMetadataProviderConfiguration' of type [org.springframework.boot.autoconfigure.jdbc.metadata.DataSourcePoolMetadataProvidersConfiguration$HikariPoolDataSourceMetadataProviderConfiguration] is not eligible for getting processed by all BeanPostProcessors (for example: not eligible for auto-proxying)
6787 [main] INFO  o.s.c.s.PostProcessorRegistrationDelegate$BeanPostProcessorChecker - Bean 'hikariPoolDataSourceMetadataProvider' of type [org.springframework.boot.autoconfigure.jdbc.metadata.DataSourcePoolMetadataProvidersConfiguration$HikariPoolDataSourceMetadataProviderConfiguration$$Lambda$608/0x0000000140113040] is not eligible for getting processed by all BeanPostProcessors (for example: not eligible for auto-proxying)
6794 [main] INFO  o.s.c.s.PostProcessorRegistrationDelegate$BeanPostProcessorChecker - Bean 'org.springframework.boot.autoconfigure.orm.jpa.HibernateJpaConfiguration' of type [org.springframework.boot.autoconfigure.orm.jpa.HibernateJpaConfiguration] is not eligible for getting processed by all BeanPostProcessors (for example: not eligible for auto-proxying)
6822 [main] INFO  o.s.c.s.PostProcessorRegistrationDelegate$BeanPostProcessorChecker - Bean 'jpaVendorAdapter' of type [org.springframework.orm.jpa.vendor.HibernateJpaVendorAdapter] is not eligible for getting processed by all BeanPostProcessors (for example: not eligible for auto-proxying)
6831 [main] INFO  o.s.c.s.PostProcessorRegistrationDelegate$BeanPostProcessorChecker - Bean 'entityManagerFactoryBuilder' of type [org.springframework.boot.orm.jpa.EntityManagerFactoryBuilder] is not eligible for getting processed by all BeanPostProcessors (for example: not eligible for auto-proxying)
6881 [main] INFO  o.h.jpa.internal.util.LogHelper - HHH000204: Processing PersistenceUnitInfo [name: default]
6959 [main] INFO  org.hibernate.Version - HHH000412: Hibernate ORM core version 5.4.15.Final
7099 [main] INFO  o.h.annotations.common.Version - HCANN000001: Hibernate Commons Annotations {5.1.0.Final}
7216 [main] INFO  com.zaxxer.hikari.HikariDataSource - HikariPool-1 - Starting...
9423 [main] INFO  com.zaxxer.hikari.HikariDataSource - HikariPool-1 - Start completed.
9442 [main] INFO  org.hibernate.dialect.Dialect - HHH000400: Using dialect: org.hibernate.dialect.MySQL8Dialect
14694 [main] INFO  o.h.e.t.j.p.i.JtaPlatformInitiator - HHH000490: Using JtaPlatform implementation: [org.hibernate.engine.transaction.jta.platform.internal.NoJtaPlatform]
14703 [main] INFO  o.s.o.j.LocalContainerEntityManagerFactoryBean - Initialized JPA EntityManagerFactory for persistence unit 'default'
14705 [main] INFO  o.s.c.s.PostProcessorRegistrationDelegate$BeanPostProcessorChecker - Bean 'entityManagerFactory' of type [org.springframework.orm.jpa.LocalContainerEntityManagerFactoryBean] is not eligible for getting processed by all BeanPostProcessors (for example: not eligible for auto-proxying)
14715 [main] INFO  o.s.c.s.PostProcessorRegistrationDelegate$BeanPostProcessorChecker - Bean 'entityManagerFactory' of type [com.sun.proxy.$Proxy136] is not eligible for getting processed by all BeanPostProcessors (for example: not eligible for auto-proxying)
14727 [main] INFO  o.s.c.s.PostProcessorRegistrationDelegate$BeanPostProcessorChecker - Bean 'org.springframework.orm.jpa.SharedEntityManagerCreator#0' of type [com.sun.proxy.$Proxy137] is not eligible for getting processed by all BeanPostProcessors (for example: not eligible for auto-proxying)
14770 [main] INFO  o.s.c.s.PostProcessorRegistrationDelegate$BeanPostProcessorChecker - Bean '(inner bean)#30f99ca1' of type [org.springframework.beans.factory.config.PropertiesFactoryBean] is not eligible for getting processed by all BeanPostProcessors (for example: not eligible for auto-proxying)
14771 [main] INFO  o.s.c.s.PostProcessorRegistrationDelegate$BeanPostProcessorChecker - Bean '(inner bean)#30f99ca1' of type [java.util.Properties] is not eligible for getting processed by all BeanPostProcessors (for example: not eligible for auto-proxying)
14775 [main] INFO  o.s.c.s.PostProcessorRegistrationDelegate$BeanPostProcessorChecker - Bean '(inner bean)#7e1ae693' of type [org.springframework.data.repository.core.support.PropertiesBasedNamedQueries] is not eligible for getting processed by all BeanPostProcessors (for example: not eligible for auto-proxying)
14780 [main] INFO  o.s.c.s.PostProcessorRegistrationDelegate$BeanPostProcessorChecker - Bean '(inner bean)#238d27ef' of type [org.springframework.data.repository.core.support.RepositoryFragmentsFactoryBean] is not eligible for getting processed by all BeanPostProcessors (for example: not eligible for auto-proxying)
14782 [main] INFO  o.s.c.s.PostProcessorRegistrationDelegate$BeanPostProcessorChecker - Bean '(inner bean)#238d27ef' of type [org.springframework.data.repository.core.support.RepositoryComposition$RepositoryFragments] is not eligible for getting processed by all BeanPostProcessors (for example: not eligible for auto-proxying)
14788 [main] INFO  o.s.c.s.PostProcessorRegistrationDelegate$BeanPostProcessorChecker - Bean '(inner bean)#c2dab10' of type [com.sun.proxy.$Proxy137] is not eligible for getting processed by all BeanPostProcessors (for example: not eligible for auto-proxying)
14800 [main] INFO  o.s.c.s.PostProcessorRegistrationDelegate$BeanPostProcessorChecker - Bean 'jpaMappingContext' of type [org.springframework.data.jpa.repository.config.JpaMetamodelMappingContextFactoryBean] is not eligible for getting processed by all BeanPostProcessors (for example: not eligible for auto-proxying)
14803 [main] INFO  o.s.c.s.PostProcessorRegistrationDelegate$BeanPostProcessorChecker - Bean 'jpaMappingContext' of type [org.springframework.data.jpa.mapping.JpaMetamodelMappingContext] is not eligible for getting processed by all BeanPostProcessors (for example: not eligible for auto-proxying)
15095 [main] INFO  o.s.c.s.PostProcessorRegistrationDelegate$BeanPostProcessorChecker - Bean 'resourceRepository' of type [org.springframework.data.jpa.repository.support.JpaRepositoryFactoryBean] is not eligible for getting processed by all BeanPostProcessors (for example: not eligible for auto-proxying)
15102 [main] INFO  o.s.c.s.PostProcessorRegistrationDelegate$BeanPostProcessorChecker - Bean 'resourceRepository' of type [com.sun.proxy.$Proxy142] is not eligible for getting processed by all BeanPostProcessors (for example: not eligible for auto-proxying)
15123 [main] INFO  o.s.c.s.PostProcessorRegistrationDelegate$BeanPostProcessorChecker - Bean 'resourceRepositoryServiceImpl' of type [com.it.songservice.service.repository.ResourceRepositoryServiceImpl] is not eligible for getting processed by all BeanPostProcessors (for example: not eligible for auto-proxying)
15153 [main] INFO  o.s.c.s.PostProcessorRegistrationDelegate$BeanPostProcessorChecker - Bean 'resourceStorageDecoratorFactory' of type [com.it.songservice.service.storage.resource.decorator.ResourceStorageDecoratorFactory] is not eligible for getting processed by all BeanPostProcessors (for example: not eligible for auto-proxying)
15161 [main] INFO  o.s.c.s.PostProcessorRegistrationDelegate$BeanPostProcessorChecker - Bean '(inner bean)#7c045627' of type [org.springframework.beans.factory.config.PropertiesFactoryBean] is not eligible for getting processed by all BeanPostProcessors (for example: not eligible for auto-proxying)
15161 [main] INFO  o.s.c.s.PostProcessorRegistrationDelegate$BeanPostProcessorChecker - Bean '(inner bean)#7c045627' of type [java.util.Properties] is not eligible for getting processed by all BeanPostProcessors (for example: not eligible for auto-proxying)
15162 [main] INFO  o.s.c.s.PostProcessorRegistrationDelegate$BeanPostProcessorChecker - Bean '(inner bean)#ee7a538' of type [org.springframework.data.repository.core.support.PropertiesBasedNamedQueries] is not eligible for getting processed by all BeanPostProcessors (for example: not eligible for auto-proxying)
15163 [main] INFO  o.s.c.s.PostProcessorRegistrationDelegate$BeanPostProcessorChecker - Bean '(inner bean)#3c83e9ca' of type [org.springframework.data.repository.core.support.RepositoryFragmentsFactoryBean] is not eligible for getting processed by all BeanPostProcessors (for example: not eligible for auto-proxying)
15164 [main] INFO  o.s.c.s.PostProcessorRegistrationDelegate$BeanPostProcessorChecker - Bean '(inner bean)#3c83e9ca' of type [org.springframework.data.repository.core.support.RepositoryComposition$RepositoryFragments] is not eligible for getting processed by all BeanPostProcessors (for example: not eligible for auto-proxying)
15165 [main] INFO  o.s.c.s.PostProcessorRegistrationDelegate$BeanPostProcessorChecker - Bean '(inner bean)#2226fd2b' of type [com.sun.proxy.$Proxy137] is not eligible for getting processed by all BeanPostProcessors (for example: not eligible for auto-proxying)
15214 [main] INFO  o.s.c.s.PostProcessorRegistrationDelegate$BeanPostProcessorChecker - Bean 'songRepository' of type [org.springframework.data.jpa.repository.support.JpaRepositoryFactoryBean] is not eligible for getting processed by all BeanPostProcessors (for example: not eligible for auto-proxying)
15215 [main] INFO  o.s.c.s.PostProcessorRegistrationDelegate$BeanPostProcessorChecker - Bean 'songRepository' of type [com.sun.proxy.$Proxy143] is not eligible for getting processed by all BeanPostProcessors (for example: not eligible for auto-proxying)
15226 [main] INFO  o.s.c.s.PostProcessorRegistrationDelegate$BeanPostProcessorChecker - Bean 'songRepositoryServiceImpl' of type [com.it.songservice.service.repository.SongRepositoryServiceImpl] is not eligible for getting processed by all BeanPostProcessors (for example: not eligible for auto-proxying)
15240 [main] INFO  o.s.c.s.PostProcessorRegistrationDelegate$BeanPostProcessorChecker - Bean 'default.com.it.songservice.SongServiceApplication.FeignClientSpecification' of type [org.springframework.cloud.openfeign.FeignClientSpecification] is not eligible for getting processed by all BeanPostProcessors (for example: not eligible for auto-proxying)
15241 [main] INFO  o.s.c.s.PostProcessorRegistrationDelegate$BeanPostProcessorChecker - Bean 'auth-service/auth.FeignClientSpecification' of type [org.springframework.cloud.openfeign.FeignClientSpecification] is not eligible for getting processed by all BeanPostProcessors (for example: not eligible for auto-proxying)
15242 [main] INFO  o.s.c.s.PostProcessorRegistrationDelegate$BeanPostProcessorChecker - Bean 'conversion-service.FeignClientSpecification' of type [org.springframework.cloud.openfeign.FeignClientSpecification] is not eligible for getting processed by all BeanPostProcessors (for example: not eligible for auto-proxying)
15243 [main] INFO  o.s.c.s.PostProcessorRegistrationDelegate$BeanPostProcessorChecker - Bean 'search-service/songs.FeignClientSpecification' of type [org.springframework.cloud.openfeign.FeignClientSpecification] is not eligible for getting processed by all BeanPostProcessors (for example: not eligible for auto-proxying)
15243 [main] INFO  o.s.c.s.PostProcessorRegistrationDelegate$BeanPostProcessorChecker - Bean 'org.springframework.cloud.openfeign.FeignAutoConfiguration' of type [org.springframework.cloud.openfeign.FeignAutoConfiguration] is not eligible for getting processed by all BeanPostProcessors (for example: not eligible for auto-proxying)
15246 [main] INFO  o.s.c.s.PostProcessorRegistrationDelegate$BeanPostProcessorChecker - Bean 'feignContext' of type [org.springframework.cloud.openfeign.FeignContext] is not eligible for getting processed by all BeanPostProcessors (for example: not eligible for auto-proxying)
15283 [main] INFO  o.s.c.s.PostProcessorRegistrationDelegate$BeanPostProcessorChecker - Bean 'spring.data.web-org.springframework.boot.autoconfigure.data.web.SpringDataWebProperties' of type [org.springframework.boot.autoconfigure.data.web.SpringDataWebProperties] is not eligible for getting processed by all BeanPostProcessors (for example: not eligible for auto-proxying)
15337 [main] INFO  o.s.c.s.PostProcessorRegistrationDelegate$BeanPostProcessorChecker - Bean 'feign.client-org.springframework.cloud.openfeign.FeignClientProperties' of type [org.springframework.cloud.openfeign.FeignClientProperties] is not eligible for getting processed by all BeanPostProcessors (for example: not eligible for auto-proxying)
15343 [main] INFO  o.s.c.s.PostProcessorRegistrationDelegate$BeanPostProcessorChecker - Bean 'org.springframework.cloud.openfeign.ribbon.FeignRibbonClientAutoConfiguration' of type [org.springframework.cloud.openfeign.ribbon.FeignRibbonClientAutoConfiguration] is not eligible for getting processed by all BeanPostProcessors (for example: not eligible for auto-proxying)
15346 [main] INFO  o.s.c.s.PostProcessorRegistrationDelegate$BeanPostProcessorChecker - Bean 'feignRequestOptions' of type [feign.Request$Options] is not eligible for getting processed by all BeanPostProcessors (for example: not eligible for auto-proxying)
15350 [main] INFO  o.s.c.s.PostProcessorRegistrationDelegate$BeanPostProcessorChecker - Bean 'feignClientInterceptor' of type [com.it.songservice.feign.FeignClientInterceptor] is not eligible for getting processed by all BeanPostProcessors (for example: not eligible for auto-proxying)
15355 [main] INFO  o.s.c.s.PostProcessorRegistrationDelegate$BeanPostProcessorChecker - Bean 'org.springframework.cloud.openfeign.ribbon.DefaultFeignLoadBalancedConfiguration' of type [org.springframework.cloud.openfeign.ribbon.DefaultFeignLoadBalancedConfiguration] is not eligible for getting processed by all BeanPostProcessors (for example: not eligible for auto-proxying)
15360 [main] INFO  o.s.c.s.PostProcessorRegistrationDelegate$BeanPostProcessorChecker - Bean 'default.org.springframework.cloud.netflix.ribbon.RibbonAutoConfiguration.RibbonClientSpecification' of type [org.springframework.cloud.netflix.ribbon.RibbonClientSpecification] is not eligible for getting processed by all BeanPostProcessors (for example: not eligible for auto-proxying)
15362 [main] INFO  o.s.c.s.PostProcessorRegistrationDelegate$BeanPostProcessorChecker - Bean 'default.org.springframework.cloud.netflix.ribbon.eureka.RibbonEurekaAutoConfiguration.RibbonClientSpecification' of type [org.springframework.cloud.netflix.ribbon.RibbonClientSpecification] is not eligible for getting processed by all BeanPostProcessors (for example: not eligible for auto-proxying)
15367 [main] INFO  o.s.c.s.PostProcessorRegistrationDelegate$BeanPostProcessorChecker - Bean 'ribbon.eager-load-org.springframework.cloud.netflix.ribbon.RibbonEagerLoadProperties' of type [org.springframework.cloud.netflix.ribbon.RibbonEagerLoadProperties] is not eligible for getting processed by all BeanPostProcessors (for example: not eligible for auto-proxying)
15368 [main] INFO  o.s.c.s.PostProcessorRegistrationDelegate$BeanPostProcessorChecker - Bean 'org.springframework.cloud.netflix.ribbon.RibbonAutoConfiguration' of type [org.springframework.cloud.netflix.ribbon.RibbonAutoConfiguration$$EnhancerBySpringCGLIB$$9521f1df] is not eligible for getting processed by all BeanPostProcessors (for example: not eligible for auto-proxying)
15375 [main] INFO  o.s.c.s.PostProcessorRegistrationDelegate$BeanPostProcessorChecker - Bean 'springClientFactory' of type [org.springframework.cloud.netflix.ribbon.SpringClientFactory] is not eligible for getting processed by all BeanPostProcessors (for example: not eligible for auto-proxying)
15379 [main] INFO  o.s.c.s.PostProcessorRegistrationDelegate$BeanPostProcessorChecker - Bean 'cachingLBClientFactory' of type [org.springframework.cloud.openfeign.ribbon.CachingSpringLoadBalancerFactory] is not eligible for getting processed by all BeanPostProcessors (for example: not eligible for auto-proxying)
15382 [main] INFO  o.s.c.s.PostProcessorRegistrationDelegate$BeanPostProcessorChecker - Bean 'feignClient' of type [org.springframework.cloud.openfeign.ribbon.LoadBalancerFeignClient] is not eligible for getting processed by all BeanPostProcessors (for example: not eligible for auto-proxying)
15386 [main] INFO  o.s.c.s.PostProcessorRegistrationDelegate$BeanPostProcessorChecker - Bean 'org.springframework.cloud.openfeign.FeignAutoConfiguration$HystrixFeignTargeterConfiguration' of type [org.springframework.cloud.openfeign.FeignAutoConfiguration$HystrixFeignTargeterConfiguration] is not eligible for getting processed by all BeanPostProcessors (for example: not eligible for auto-proxying)
15387 [main] INFO  o.s.c.s.PostProcessorRegistrationDelegate$BeanPostProcessorChecker - Bean 'feignTargeter' of type [org.springframework.cloud.openfeign.HystrixTargeter] is not eligible for getting processed by all BeanPostProcessors (for example: not eligible for auto-proxying)
15391 [main] INFO  o.s.c.s.PostProcessorRegistrationDelegate$BeanPostProcessorChecker - Bean 'conversionFallbackFactory' of type [com.it.songservice.feign.conversion.ConversionFallbackFactory] is not eligible for getting processed by all BeanPostProcessors (for example: not eligible for auto-proxying)
15419 [main] INFO  o.s.c.s.PostProcessorRegistrationDelegate$BeanPostProcessorChecker - Bean 'com.it.songservice.feign.conversion.ConversionClient' of type [com.sun.proxy.$Proxy151] is not eligible for getting processed by all BeanPostProcessors (for example: not eligible for auto-proxying)
15477 [main] INFO  o.s.c.s.PostProcessorRegistrationDelegate$BeanPostProcessorChecker - Bean 'com.it.songservice.feign.index.SongIndexClient' of type [com.sun.proxy.$Proxy155] is not eligible for getting processed by all BeanPostProcessors (for example: not eligible for auto-proxying)
15483 [main] INFO  o.s.c.s.PostProcessorRegistrationDelegate$BeanPostProcessorChecker - Bean 'mappingConfiguration' of type [com.it.songservice.configuration.MappingConfiguration$$EnhancerBySpringCGLIB$$fd4ceb6e] is not eligible for getting processed by all BeanPostProcessors (for example: not eligible for auto-proxying)
15493 [main] INFO  org.dozer.config.GlobalSettings - Trying to find Dozer configuration file: dozer.properties
15501 [main] WARN  org.dozer.config.GlobalSettings - Dozer configuration file not found: dozer.properties.  Using defaults for all Dozer global properties.
15503 [main] INFO  org.dozer.DozerInitializer - Initializing Dozer. Version: 5.5.0, Thread Name: main
15506 [main] INFO  org.dozer.jmx.JMXPlatformImpl - Dozer JMX MBean [org.dozer.jmx:type=DozerStatisticsController] auto registered with the Platform MBean Server
15507 [main] INFO  org.dozer.jmx.JMXPlatformImpl - Dozer JMX MBean [org.dozer.jmx:type=DozerAdminController] auto registered with the Platform MBean Server
15508 [main] INFO  org.dozer.DozerBeanMapper - Initializing a new instance of dozer bean mapper.
15533 [main] INFO  o.s.c.s.PostProcessorRegistrationDelegate$BeanPostProcessorChecker - Bean 'mapper' of type [org.dozer.DozerBeanMapper] is not eligible for getting processed by all BeanPostProcessors (for example: not eligible for auto-proxying)
15535 [main] INFO  o.s.c.s.PostProcessorRegistrationDelegate$BeanPostProcessorChecker - Bean 'songStorageDecoratorFactory' of type [com.it.songservice.service.storage.song.decorator.SongStorageDecoratorFactory] is not eligible for getting processed by all BeanPostProcessors (for example: not eligible for auto-proxying)
15864 [main] INFO  o.s.b.w.e.tomcat.TomcatWebServer - Tomcat initialized with port(s): 0 (http)
15878 [main] INFO  o.a.catalina.core.StandardService - Starting service [Tomcat]
15878 [main] INFO  o.a.catalina.core.StandardEngine - Starting Servlet engine: [Apache Tomcat/9.0.34]
15974 [main] INFO  o.a.c.c.C.[Tomcat].[localhost].[/] - Initializing Spring embedded WebApplicationContext
15974 [main] INFO  o.s.web.context.ContextLoader - Root WebApplicationContext: initialization completed in 11999 ms
16151 [main] WARN  o.s.b.a.o.j.JpaBaseConfiguration$JpaWebConfiguration - spring.jpa.open-in-view is enabled by default. Therefore, database queries may be performed during view rendering. Explicitly configure spring.jpa.open-in-view to disable this warning
17907 [main] INFO  o.s.b.a.s.s.UserDetailsServiceAutoConfiguration - 

Using generated security password: b72f7731-3c8e-4d01-8d55-f9e7973bb504

18059 [main] INFO  s.d.s.w.PropertySourcedRequestMappingHandlerMapping - Mapped URL path [/v2/api-docs] onto method [springfox.documentation.swagger2.web.Swagger2Controller#getDocumentation(String, HttpServletRequest)]
18082 [main] INFO  o.s.b.a.w.s.WelcomePageHandlerMapping - Adding welcome page template: index
18324 [main] INFO  o.s.s.w.DefaultSecurityFilterChain - Creating filter chain: any request, [org.springframework.security.web.context.request.async.WebAsyncManagerIntegrationFilter@3bbab7c7, org.springframework.security.web.context.SecurityContextPersistenceFilter@71669835, org.springframework.security.web.header.HeaderWriterFilter@70b7fec0, org.springframework.web.filter.CorsFilter@3237522b, org.springframework.security.web.authentication.logout.LogoutFilter@7d9587b3, org.springframework.security.oauth2.server.resource.web.BearerTokenAuthenticationFilter@319e02e7, org.springframework.security.web.savedrequest.RequestCacheAwareFilter@130901fd, org.springframework.security.web.servletapi.SecurityContextHolderAwareRequestFilter@73ec417b, org.springframework.security.web.authentication.AnonymousAuthenticationFilter@73ffe7b0, org.springframework.security.web.session.SessionManagementFilter@3d1b91d1, org.springframework.security.web.access.ExceptionTranslationFilter@6e057374, org.springframework.security.web.access.intercept.FilterSecurityInterceptor@216906a0]
18409 [main] WARN  c.n.c.s.URLConfigurationSource - No URLs will be polled as dynamic configuration sources.
18409 [main] INFO  c.n.c.s.URLConfigurationSource - To enable URLs as dynamic configuration sources, define System property archaius.configurationSource.additionalUrls or make config.properties available on classpath.
18414 [main] WARN  c.n.c.s.URLConfigurationSource - No URLs will be polled as dynamic configuration sources.
18414 [main] INFO  c.n.c.s.URLConfigurationSource - To enable URLs as dynamic configuration sources, define System property archaius.configurationSource.additionalUrls or make config.properties available on classpath.
18516 [main] INFO  o.s.s.c.ThreadPoolTaskExecutor - Initializing ExecutorService 'applicationTaskExecutor'
20095 [main] WARN  o.s.c.l.c.BlockingLoadBalancerClientAutoConfiguration$BlockingLoadBalancerClientRibbonWarnLogger - You already have RibbonLoadBalancerClient on your classpath. It will be used by default. As Spring Cloud Ribbon is in maintenance mode. We recommend switching to BlockingLoadBalancerClient instead. In order to use it, set the value of `spring.cloud.loadbalancer.ribbon.enabled` to `false` or remove spring-cloud-starter-netflix-ribbon from your project.
20321 [main] INFO  s.d.s.w.p.DocumentationPluginsBootstrapper - Context refreshed
20339 [main] INFO  s.d.s.w.p.DocumentationPluginsBootstrapper - Found 1 custom documentation plugin(s)
20398 [main] INFO  s.d.s.w.s.ApiListingReferenceScanner - Scanning for api listing references
20543 [main] INFO  s.d.s.w.r.o.CachingOperationNameGenerator - Generating unique operation named: deleteUsingDELETE_1
20546 [main] INFO  s.d.s.w.r.o.CachingOperationNameGenerator - Generating unique operation named: getUsingGET_1
20549 [main] INFO  s.d.s.w.r.o.CachingOperationNameGenerator - Generating unique operation named: getAllUsingGET_1
20553 [main] INFO  s.d.s.w.r.o.CachingOperationNameGenerator - Generating unique operation named: saveUsingPOST_1
20555 [main] INFO  s.d.s.w.r.o.CachingOperationNameGenerator - Generating unique operation named: updateUsingPUT_1
20594 [main] INFO  s.d.s.w.r.o.CachingOperationNameGenerator - Generating unique operation named: deleteUsingDELETE_2
20596 [main] INFO  s.d.s.w.r.o.CachingOperationNameGenerator - Generating unique operation named: getUsingGET_2
20598 [main] INFO  s.d.s.w.r.o.CachingOperationNameGenerator - Generating unique operation named: getAllUsingGET_2
20600 [main] INFO  s.d.s.w.r.o.CachingOperationNameGenerator - Generating unique operation named: saveUsingPOST_2
20602 [main] INFO  s.d.s.w.r.o.CachingOperationNameGenerator - Generating unique operation named: updateUsingPUT_2
20622 [main] INFO  s.d.s.w.r.o.CachingOperationNameGenerator - Generating unique operation named: indexUsingGET_1
20626 [main] INFO  s.d.s.w.r.o.CachingOperationNameGenerator - Generating unique operation named: deleteUsingDELETE_3
20633 [main] INFO  s.d.s.w.r.o.CachingOperationNameGenerator - Generating unique operation named: getUsingGET_3
20636 [main] INFO  s.d.s.w.r.o.CachingOperationNameGenerator - Generating unique operation named: getAllUsingGET_3
21866 [main] INFO  o.s.b.w.e.tomcat.TomcatWebServer - Tomcat started on port(s): 54945 (http) with context path ''
21867 [main] INFO  o.s.c.n.e.s.EurekaAutoServiceRegistration - Updating port to 54945
21906 [main] INFO  o.s.c.n.eureka.InstanceInfoFactory - Setting initial instance status as: STARTING
25199 [main] INFO  o.s.c.n.e.s.EurekaServiceRegistry - Registering application SONG-SERVICE with eureka with status UP
25672 [main] INFO  c.i.s.SongServiceApplication - Started SongServiceApplication in 25.455 seconds (JVM running for 27.106)
27821 [DefaultMessageListenerContainer-1] ERROR o.s.j.l.DefaultMessageListenerContainer - Could not refresh JMS Connection for destination 'upl' - retrying using FixedBackOff{interval=5000, currentAttempts=0, maxAttempts=unlimited}. Cause: Could not connect to broker URL: tcp://localhost:61616. Reason: java.net.ConnectException: Connection refused: connect
33824 [DefaultMessageListenerContainer-1] ERROR o.s.j.l.DefaultMessageListenerContainer - Could not refresh JMS Connection for destination 'upl' - retrying using FixedBackOff{interval=5000, currentAttempts=1, maxAttempts=unlimited}. Cause: Could not connect to broker URL: tcp://localhost:61616. Reason: java.net.ConnectException: Connection refused: connect
39835 [DefaultMessageListenerContainer-1] ERROR o.s.j.l.DefaultMessageListenerContainer - Could not refresh JMS Connection for destination 'upl' - retrying using FixedBackOff{interval=5000, currentAttempts=2, maxAttempts=unlimited}. Cause: Could not connect to broker URL: tcp://localhost:61616. Reason: java.net.ConnectException: Connection refused: connect
45847 [DefaultMessageListenerContainer-1] ERROR o.s.j.l.DefaultMessageListenerContainer - Could not refresh JMS Connection for destination 'upl' - retrying using FixedBackOff{interval=5000, currentAttempts=3, maxAttempts=unlimited}. Cause: Could not connect to broker URL: tcp://localhost:61616. Reason: java.net.ConnectException: Connection refused: connect
51849 [DefaultMessageListenerContainer-1] ERROR o.s.j.l.DefaultMessageListenerContainer - Could not refresh JMS Connection for destination 'upl' - retrying using FixedBackOff{interval=5000, currentAttempts=4, maxAttempts=unlimited}. Cause: Could not connect to broker URL: tcp://localhost:61616. Reason: java.net.ConnectException: Connection refused: connect
57861 [DefaultMessageListenerContainer-1] ERROR o.s.j.l.DefaultMessageListenerContainer - Could not refresh JMS Connection for destination 'upl' - retrying using FixedBackOff{interval=5000, currentAttempts=5, maxAttempts=unlimited}. Cause: Could not connect to broker URL: tcp://localhost:61616. Reason: java.net.ConnectException: Connection refused: connect
63863 [DefaultMessageListenerContainer-1] ERROR o.s.j.l.DefaultMessageListenerContainer - Could not refresh JMS Connection for destination 'upl' - retrying using FixedBackOff{interval=5000, currentAttempts=6, maxAttempts=unlimited}. Cause: Could not connect to broker URL: tcp://localhost:61616. Reason: java.net.ConnectException: Connection refused: connect
69874 [DefaultMessageListenerContainer-1] ERROR o.s.j.l.DefaultMessageListenerContainer - Could not refresh JMS Connection for destination 'upl' - retrying using FixedBackOff{interval=5000, currentAttempts=7, maxAttempts=unlimited}. Cause: Could not connect to broker URL: tcp://localhost:61616. Reason: java.net.ConnectException: Connection refused: connect
75876 [DefaultMessageListenerContainer-1] ERROR o.s.j.l.DefaultMessageListenerContainer - Could not refresh JMS Connection for destination 'upl' - retrying using FixedBackOff{interval=5000, currentAttempts=8, maxAttempts=unlimited}. Cause: Could not connect to broker URL: tcp://localhost:61616. Reason: java.net.ConnectException: Connection refused: connect
81887 [DefaultMessageListenerContainer-1] ERROR o.s.j.l.DefaultMessageListenerContainer - Could not refresh JMS Connection for destination 'upl' - retrying using FixedBackOff{interval=5000, currentAttempts=9, maxAttempts=unlimited}. Cause: Could not connect to broker URL: tcp://localhost:61616. Reason: java.net.ConnectException: Connection refused: connect
87889 [DefaultMessageListenerContainer-1] ERROR o.s.j.l.DefaultMessageListenerContainer - Could not refresh JMS Connection for destination 'upl' - retrying using FixedBackOff{interval=5000, currentAttempts=10, maxAttempts=unlimited}. Cause: Could not connect to broker URL: tcp://localhost:61616. Reason: java.net.ConnectException: Connection refused: connect
93901 [DefaultMessageListenerContainer-1] ERROR o.s.j.l.DefaultMessageListenerContainer - Could not refresh JMS Connection for destination 'upl' - retrying using FixedBackOff{interval=5000, currentAttempts=11, maxAttempts=unlimited}. Cause: Could not connect to broker URL: tcp://localhost:61616. Reason: java.net.ConnectException: Connection refused: connect
99905 [DefaultMessageListenerContainer-1] ERROR o.s.j.l.DefaultMessageListenerContainer - Could not refresh JMS Connection for destination 'upl' - retrying using FixedBackOff{interval=5000, currentAttempts=12, maxAttempts=unlimited}. Cause: Could not connect to broker URL: tcp://localhost:61616. Reason: java.net.ConnectException: Connection refused: connect
105907 [DefaultMessageListenerContainer-1] ERROR o.s.j.l.DefaultMessageListenerContainer - Could not refresh JMS Connection for destination 'upl' - retrying using FixedBackOff{interval=5000, currentAttempts=13, maxAttempts=unlimited}. Cause: Could not connect to broker URL: tcp://localhost:61616. Reason: java.net.ConnectException: Connection refused: connect
111910 [DefaultMessageListenerContainer-1] ERROR o.s.j.l.DefaultMessageListenerContainer - Could not refresh JMS Connection for destination 'upl' - retrying using FixedBackOff{interval=5000, currentAttempts=14, maxAttempts=unlimited}. Cause: Could not connect to broker URL: tcp://localhost:61616. Reason: java.net.ConnectException: Connection refused: connect
