JvmtiExport can_access_local_variables 1
JvmtiExport can_hotswap_or_post_breakpoint 1
JvmtiExport can_post_on_exceptions 1
# 295 ciObject found
ciMethod java/lang/Object <init> ()V 4097 1 65846 0 0
ciMethod java/lang/Object getClass ()Ljava/lang/Class; 2049 1 256 0 -1
ciMethod java/lang/Object hashCode ()I 2049 1 256 0 -1
ciMethod java/lang/Object equals (Ljava/lang/Object;)Z 2121 1 741 0 -1
ciMethod java/lang/String equals (Ljava/lang/Object;)Z 2065 1 7711 0 416
ciMethod java/lang/String hashCode ()I 2065 1 8652 0 448
ciMethod java/lang/String toLowerCase (Ljava/util/Locale;)Ljava/lang/String; 41 1 2890 0 0
ciMethod java/lang/String toLowerCase ()Ljava/lang/String; 3073 1 1302 0 0
ciMethod java/lang/String <init> ([BB)V 2193 1 12485 0 -1
ciMethod java/lang/String coder ()B 2065 1 94569 0 32
ciMethod java/lang/String isLatin1 ()Z 2049 1 350132 0 64
ciMethod java/lang/System arraycopy (Ljava/lang/Object;ILjava/lang/Object;II)V 2049 1 256 0 -1
ciMethod java/util/Map get (Ljava/lang/Object;)Ljava/lang/Object; 0 0 1 0 -1
ciMethod java/lang/AbstractStringBuilder <init> (I)V 649 1 5250 0 544
ciMethod java/lang/AbstractStringBuilder ensureCapacityInternal (I)V 2153 1 5398 0 896
ciMethod java/lang/AbstractStringBuilder newCapacity (I)I 721 1 250 0 0
ciMethod java/lang/AbstractStringBuilder hugeCapacity (I)I 0 0 1 0 0
ciMethod java/lang/AbstractStringBuilder append (Ljava/lang/String;)Ljava/lang/AbstractStringBuilder; 953 1 5271 0 -1
ciMethod java/lang/AbstractStringBuilder append (I)Ljava/lang/AbstractStringBuilder; 153 1 1818 0 0
ciMethod java/lang/AbstractStringBuilder isLatin1 ()Z 1849 1 16159 0 0
ciMethod java/lang/StringBuilder <init> ()V 649 1 4955 0 0
ciMethod java/lang/StringBuilder append (Ljava/lang/String;)Ljava/lang/StringBuilder; 953 1 12352 0 1664
ciMethod java/lang/StringBuilder append (I)Ljava/lang/StringBuilder; 153 1 1818 0 0
ciMethod java/lang/StringBuilder toString ()Ljava/lang/String; 649 1 5939 0 1056
ciMethod jdk/internal/misc/Unsafe ensureClassInitialized (Ljava/lang/Class;)V 121 1 68 0 0
ciMethod jdk/internal/misc/Unsafe ensureClassInitialized0 (Ljava/lang/Class;)V 545 1 68 0 -1
ciMethod java/net/URL <init> (Ljava/net/URL;Ljava/lang/String;)V 4097 1 906 0 -1
ciMethod java/net/URL getPort ()I 1625 1 203 0 0
ciMethod java/net/URL getDefaultPort ()I 2049 1 651 0 0
ciMethod java/net/URL getProtocol ()Ljava/lang/String; 2673 1 334 0 0
ciMethod java/net/URL getHost ()Ljava/lang/String; 1817 1 227 0 0
ciMethod java/net/URL getFile ()Ljava/lang/String; 1033 1 129 0 0
ciMethod java/util/jar/Manifest getMainAttributes ()Ljava/util/jar/Attributes; 969 1 112 0 0
ciMethod java/lang/Character toLowerCase (I)I 2465 1 49877 0 -1
ciMethod java/lang/Integer getChars (II[B)I 2113 1 1820 0 0
ciMethod java/lang/Integer stringSize (I)I 2057 1289 1820 0 0
ciMethod java/security/AccessController doPrivileged (Ljava/security/PrivilegedExceptionAction;Ljava/security/AccessControlContext;)Ljava/lang/Object; 2057 1 257 0 -1
ciMethod java/util/Objects checkIndex (II)I 2049 1 6889 0 -1
ciMethod java/util/HashMap hash (Ljava/lang/Object;)I 2121 1 23143 0 160
ciMethod java/util/HashMap getNode (ILjava/lang/Object;)Ljava/util/HashMap$Node; 4001 161 11451 0 0
ciMethod java/util/HashMap containsKey (Ljava/lang/Object;)Z 4097 1 1695 0 0
ciMethod java/util/HashMap put (Ljava/lang/Object;Ljava/lang/Object;)Ljava/lang/Object; 3481 1 7318 0 5152
ciMethod java/util/HashMap putVal (ILjava/lang/Object;Ljava/lang/Object;ZZ)Ljava/lang/Object; 2513 345 10997 0 -1
ciMethod jdk/internal/misc/SharedSecrets javaUtilJarAccess ()Ljdk/internal/misc/JavaUtilJarAccess; 2041 1 734 0 0
ciMethod java/lang/StringLatin1 canEncode (I)Z 2049 1 70875 0 -1
ciMethod java/lang/StringLatin1 equals ([B[B)Z 2073 2345 5328 0 -1
ciMethod java/lang/StringLatin1 hashCode ([B)I 1057 21001 1357 0 384
ciMethod java/lang/StringLatin1 toLowerCase (Ljava/lang/String;[BLjava/util/Locale;)Ljava/lang/String; 41 1377 776 0 2208
ciMethod java/lang/StringLatin1 toLowerCaseEx (Ljava/lang/String;[BILjava/util/Locale;Z)Ljava/lang/String; 0 0 1 0 -1
ciMethod java/lang/StringLatin1 newString ([BII)Ljava/lang/String; 2057 1 11353 0 -1
ciMethod java/lang/Math max (II)I 4097 1 55307 0 -1
ciMethod java/lang/Math min (II)I 2089 1 23106 0 -1
ciMethod java/util/Arrays copyOf ([Ljava/lang/Object;I)[Ljava/lang/Object; 729 1 673 0 0
ciMethod java/util/Arrays copyOf ([Ljava/lang/Object;ILjava/lang/Class;)[Ljava/lang/Object; 1145 1 1052 0 -1
ciMethod java/util/Arrays copyOf ([BI)[B 1249 1 12539 0 0
ciMethod java/util/ArrayList grow (I)[Ljava/lang/Object; 265 1 499 0 0
ciMethod java/util/ArrayList grow ()[Ljava/lang/Object; 265 1 486 0 0
ciMethod java/util/ArrayList newCapacity (I)I 265 1 499 0 0
ciMethod java/util/ArrayList hugeCapacity (I)I 0 0 1 0 -1
ciMethod java/util/ArrayList size ()I 1025 1 128 0 0
ciMethod java/util/ArrayList elementData (I)Ljava/lang/Object; 2049 1 6888 0 0
ciMethod java/util/ArrayList get (I)Ljava/lang/Object; 2049 1 6888 0 256
ciMethod java/util/ArrayList add (Ljava/lang/Object;[Ljava/lang/Object;I)V 2065 1 4147 0 0
ciMethod java/util/ArrayList add (Ljava/lang/Object;)Z 2065 1 4147 0 0
ciMethodData java/lang/String isLatin1 ()Z 2 350132 orig 320 176 125 141 207 254 7 0 0 136 163 242 29 0 0 0 0 200 1 0 0 32 0 0 0 0 0 0 0 0 0 0 0 0 0 0 0 0 0 0 0 0 0 0 0 0 0 0 0 0 0 0 0 0 0 0 0 0 0 0 0 0 0 0 0 0 0 0 0 0 0 0 0 0 77 68 79 32 101 120 116 114 97 32 100 97 116 97 32 108 111 99 107 0 0 0 0 0 0 0 0 0 0 0 0 0 0 0 0 0 0 0 0 0 0 0 0 0 0 0 0 0 0 0 0 0 0 0 0 0 0 0 0 0 0 0 0 0 0 0 0 0 0 0 0 1 0 0 0 1 0 0 0 0 0 0 0 0 0 0 0 0 0 0 0 0 0 0 0 0 0 0 0 0 0 0 0 0 0 0 0 0 0 2 0 0 0 0 0 0 0 0 0 0 0 0 0 0 0 0 0 0 0 0 0 0 0 0 0 0 0 0 0 0 0 0 0 0 0 0 0 0 0 0 0 0 0 0 0 0 0 0 0 0 0 0 0 0 0 0 0 0 0 0 0 0 0 0 0 0 0 0 0 0 0 0 0 0 1 0 0 161 181 42 0 1 0 0 0 219 176 3 0 0 0 0 0 0 0 0 0 248 3 0 0 248 31 0 0 2 0 0 0 0 0 7 0 2 0 0 0 0 0 0 0 88 0 0 0 254 255 255 255 7 0 3 0 0 0 0 0 data 18 0x30007 0x0 0x58 0x556b4 0x80000006000a0007 0x2 0x38 0x556b4 0xe0003 0x556b4 0x18 0x0 0x0 0x0 0x0 0x9 0x1 0x0 oops 0 methods 0
ciMethodData java/lang/Object <init> ()V 2 65846 orig 320 176 125 141 207 254 7 0 0 16 6 242 29 0 0 0 0 88 1 0 0 0 0 0 0 0 0 0 0 0 0 0 0 0 0 0 0 0 0 0 0 0 0 0 0 0 0 0 0 0 0 0 0 0 0 0 0 0 0 0 0 0 0 0 0 0 0 0 0 0 0 0 0 0 77 68 79 32 101 120 116 114 97 32 100 97 116 97 32 108 111 99 107 0 0 0 0 0 0 0 0 0 0 0 0 0 0 0 0 0 0 0 0 0 0 0 0 0 0 0 0 0 0 0 0 0 0 0 0 0 0 0 0 0 0 0 0 0 0 0 0 0 0 0 0 0 0 0 0 0 0 0 0 0 0 0 0 0 0 0 0 0 0 0 0 0 0 0 0 0 0 0 0 0 0 0 0 0 0 0 0 0 0 0 0 0 0 0 0 0 0 0 0 0 0 0 0 0 0 0 0 0 0 0 0 0 0 0 0 0 0 0 0 0 0 0 0 0 0 0 0 0 0 0 0 1 0 0 0 0 0 0 0 1 0 0 0 0 0 0 0 1 0 0 0 0 0 0 0 0 0 0 0 0 0 0 0 0 2 0 0 177 249 7 0 1 0 0 0 0 0 0 0 0 0 0 0 0 0 0 0 248 3 0 0 248 31 0 0 2 0 0 0 0 0 3 0 1 0 0 0 0 0 0 0 0 0 0 0 254 255 255 255 0 0 0 0 0 0 0 0 data 4 0x0 0x9 0x1 0x0 oops 0 methods 0
ciMethodData java/lang/StringLatin1 hashCode ([B)I 2 42415 orig 320 176 125 141 207 254 7 0 0 224 208 7 30 0 0 0 0 168 1 0 0 0 0 0 0 0 0 0 0 0 0 0 0 0 0 0 0 0 0 0 0 0 0 0 0 0 0 0 0 0 0 0 0 0 0 0 0 0 0 0 0 0 0 0 0 0 0 0 0 0 0 0 0 0 77 68 79 32 101 120 116 114 97 32 100 97 116 97 32 108 111 99 107 0 0 0 0 0 0 0 0 0 0 0 0 0 0 0 0 0 0 0 0 0 0 0 0 0 0 0 0 0 0 0 0 0 0 0 0 0 0 0 0 0 0 0 0 0 0 0 0 0 0 0 0 0 0 0 0 0 0 0 0 0 0 0 0 0 0 0 0 0 0 0 0 0 0 0 0 0 0 0 0 0 0 0 0 0 0 0 0 0 0 0 0 0 0 0 0 0 0 0 0 0 0 0 0 0 0 0 0 0 0 0 0 0 0 0 0 0 0 0 0 0 0 0 0 0 0 0 0 0 0 0 0 0 0 0 0 0 0 0 0 0 0 0 0 0 0 0 0 0 0 0 0 0 0 0 0 0 0 0 0 0 0 0 0 65 10 0 0 73 38 0 0 113 219 4 0 0 0 0 0 0 0 0 0 0 0 0 0 248 3 0 0 248 31 0 0 2 0 0 0 1 0 6 0 2 0 0 0 0 0 0 0 56 0 0 0 254 255 255 255 7 0 13 0 0 0 0 0 data 14 0xd0007 0x4c9 0x38 0x9b6e 0x250003 0x9b6e 0xffffffffffffffe0 0x0 0x0 0x0 0x0 0x9 0x1 0x0 oops 0 methods 0
ciMethodData java/lang/String hashCode ()I 2 8652 orig 320 176 125 141 207 254 7 0 0 88 108 242 29 0 0 0 0 80 2 0 0 168 0 0 0 0 0 0 0 0 0 0 0 0 0 0 0 0 0 0 0 0 0 0 0 0 0 0 0 0 0 0 0 0 0 0 0 0 0 0 0 0 0 0 0 0 0 0 0 0 0 0 0 0 77 68 79 32 101 120 116 114 97 32 100 97 116 97 32 108 111 99 107 0 0 0 0 0 0 0 0 0 0 0 0 0 0 0 0 0 0 0 0 0 0 0 0 0 0 0 0 0 0 0 0 0 0 0 0 0 0 0 0 0 0 0 0 0 0 0 0 0 0 0 0 0 0 0 0 0 0 0 0 0 0 0 0 0 0 0 0 0 0 0 0 0 0 0 0 0 0 0 0 0 0 0 0 0 0 0 0 0 0 0 0 0 0 0 0 0 0 0 0 0 0 0 0 0 0 0 0 0 0 0 0 0 0 0 0 0 0 0 0 0 0 0 0 0 0 0 0 0 0 0 0 0 0 0 0 0 0 0 0 0 0 0 0 0 0 0 0 0 0 0 0 0 0 0 0 0 0 0 0 0 0 0 0 2 1 0 0 81 6 1 0 1 0 0 0 0 0 0 0 0 0 0 0 0 0 0 0 248 3 0 0 248 31 0 0 2 0 0 0 0 0 16 0 2 0 0 0 0 0 0 0 208 0 0 0 254 255 255 255 7 0 6 0 0 0 0 0 data 35 0x60007 0x1aa0 0xd0 0x62a 0xe0007 0x4 0xb0 0x626 0x130005 0x626 0x0 0x0 0x0 0x0 0x0 0x160007 0x0 0x48 0x626 0x1d0002 0x626 0x200003 0x626 0x28 0x270002 0x0 0x0 0x0 0x0 0x0 0x0 0x0 0x9 0x1 0x0 oops 0 methods 0
ciMethodData java/lang/String coder ()B 2 94569 orig 320 176 125 141 207 254 7 0 0 40 162 242 29 0 0 0 0 168 1 0 0 0 0 0 0 0 0 0 0 0 0 0 0 0 0 0 0 0 0 0 0 0 0 0 0 0 0 0 0 0 0 0 0 0 0 0 0 0 0 0 0 0 0 0 0 0 0 0 0 0 0 0 0 0 77 68 79 32 101 120 116 114 97 32 100 97 116 97 32 108 111 99 107 0 0 0 0 0 0 0 0 0 0 0 0 0 0 0 0 0 0 0 0 0 0 0 0 0 0 0 0 0 0 0 0 0 0 0 0 0 0 0 0 0 0 0 0 0 0 0 0 0 0 0 0 0 0 0 0 0 0 0 0 0 0 0 0 0 0 0 0 0 0 0 0 0 0 0 0 0 0 0 0 0 0 0 0 0 0 0 0 0 0 0 0 0 0 0 0 0 0 0 0 0 0 0 0 0 0 0 0 0 0 0 0 0 0 0 0 0 0 0 0 0 0 0 0 0 0 0 0 0 0 0 0 0 0 0 0 0 0 0 0 0 0 0 0 0 0 0 0 0 0 0 0 0 0 0 0 0 0 0 0 0 0 0 0 2 1 0 0 57 131 11 0 1 0 0 0 0 0 0 0 0 0 0 0 0 0 0 0 248 3 0 0 248 31 0 0 2 0 0 0 0 0 5 0 2 0 0 0 0 0 0 0 56 0 0 0 254 255 255 255 7 0 3 0 0 0 0 0 data 14 0x30007 0x0 0x38 0x17067 0xa0003 0x17067 0x18 0x0 0x0 0x0 0x0 0x9 0x1 0x0 oops 0 methods 0
ciMethodData java/lang/String equals (Ljava/lang/Object;)Z 2 7711 orig 320 176 125 141 207 254 7 0 0 152 94 242 29 0 0 0 0 88 3 0 0 168 1 0 0 0 0 0 0 0 0 0 0 0 0 0 0 0 0 0 0 0 0 0 0 0 0 0 0 0 0 0 0 0 0 0 0 0 0 0 0 0 0 0 0 0 0 0 0 0 0 0 0 0 77 68 79 32 101 120 116 114 97 32 100 97 116 97 32 108 111 99 107 0 0 0 0 0 0 0 0 0 0 0 0 0 0 0 0 0 0 0 0 0 0 0 0 0 0 0 0 0 0 0 0 0 0 0 0 0 0 0 0 0 0 0 0 0 0 0 0 0 0 0 0 0 0 0 0 0 0 0 0 0 0 0 0 0 0 0 0 0 0 0 0 0 0 0 0 0 0 0 0 0 0 0 0 0 0 0 0 0 0 0 0 0 0 0 0 0 0 0 0 0 0 0 0 0 0 0 0 0 0 0 0 0 0 0 0 0 0 0 0 0 0 0 0 0 0 0 0 0 0 0 0 0 0 0 0 0 0 0 0 0 0 0 0 0 0 0 0 0 0 0 0 0 0 0 0 0 0 0 0 0 0 0 0 2 1 0 0 233 232 0 0 1 0 0 0 0 0 0 0 0 0 0 0 0 0 0 0 248 3 0 0 248 31 0 0 2 0 0 0 0 0 24 0 2 0 0 0 0 0 0 0 208 1 0 0 254 255 255 255 7 0 2 0 0 0 0 0 data 68 0x20007 0x19eb 0x20 0x332 0x80104 0x0 0x0 0x1e82c210 0x13d1 0x0 0x0 0xb0007 0x61a 0x178 0x13d1 0xf0004 0x0 0x0 0x1e82c210 0x13d1 0x0 0x0 0x140005 0x13d1 0x0 0x0 0x0 0x0 0x0 0x180005 0x13d1 0x0 0x0 0x0 0x0 0x0 0x1b0007 0x0 0xb0 0x13d1 0x1f0005 0x13d1 0x0 0x0 0x0 0x0 0x0 0x220007 0x0 0x48 0x13d1 0x2d0002 0x13d1 0x300003 0x13d1 0x28 0x3b0002 0x0 0x0 0x0 0x0 0x0 0x0 0x0 0x9 0x2 0x0 0x0 oops 2