JvmtiExport can_access_local_variables 1
JvmtiExport can_hotswap_or_post_breakpoint 1
JvmtiExport can_post_on_exceptions 1
# 464 ciObject found
ciMethod java/lang/Object <init> ()V 4097 1 240301 0 0
ciMethod java/lang/Object hashCode ()I 2049 1 256 0 -1
ciMethod java/lang/Object equals (Ljava/lang/Object;)Z 2185 1 7226 0 -1
ciMethod java/lang/Object clone ()Ljava/lang/Object; 2049 1 256 0 -1
ciMethod java/lang/String length ()I 2049 1 274492 0 96
ciMethod java/lang/String isEmpty ()Z 1833 1 5662 0 0
ciMethod java/lang/String charAt (I)C 2305 1 627928 0 288
ciMethod java/lang/String equals (Ljava/lang/Object;)Z 2065 1 7996 0 384
ciMethod java/lang/String equalsIgnoreCase (Ljava/lang/String;)Z 4097 1 5640 0 288
ciMethod java/lang/String regionMatches (ILjava/lang/String;II)Z 1 1 147 0 -1
ciMethod java/lang/String regionMatches (ZILjava/lang/String;II)Z 4097 1 6772 0 2752
ciMethod java/lang/String startsWith (Ljava/lang/String;I)Z 2889 32769 4695 0 768
ciMethod java/lang/String endsWith (Ljava/lang/String;)Z 2049 1 21000 0 768
ciMethod java/lang/String hashCode ()I 2153 1 8956 0 448
ciMethod java/lang/String indexOf (I)I 3369 1 78936 0 576
ciMethod java/lang/String indexOf (II)I 3249 1 42630 0 640
ciMethod java/lang/String lastIndexOf (I)I 2049 1 32928 0 576
ciMethod java/lang/String lastIndexOf (II)I 2049 1 31799 0 576
ciMethod java/lang/String substring (II)Ljava/lang/String; 3097 1 5822 0 1376
ciMethod java/lang/String concat (Ljava/lang/String;)Ljava/lang/String; 2057 1 5029 0 0
ciMethod java/lang/String replace (CC)Ljava/lang/String; 4097 1 5790 0 1696
ciMethod java/lang/String toUpperCase (Ljava/util/Locale;)Ljava/lang/String; 57 1 1283 0 0
ciMethod java/lang/String getBytes ([BIB)V 1977 1 5891 0 -1
ciMethod java/lang/String <init> ([BB)V 2193 1 44997 0 0
ciMethod java/lang/String coder ()B 2417 1 357774 0 32
ciMethod java/lang/String isLatin1 ()Z 2049 1 755577 0 64
ciMethod java/lang/String checkBoundsBeginEnd (III)V 2049 1 6065 0 128
ciMethod java/lang/ClassLoader getClassLoadingLock (Ljava/lang/String;)Ljava/lang/Object; 3097 1 5513 0 0
ciMethod java/lang/ClassLoader defineClass (Ljava/lang/String;[BIILjava/security/ProtectionDomain;)Ljava/lang/Class; 3081 1 2450 0 -1
ciMethod java/lang/ClassLoader checkName (Ljava/lang/String;)Z 2081 1 5384 0 672
ciMethod java/lang/ClassLoader resolveClass (Ljava/lang/Class;)V 0 0 1 0 -1
ciMethod java/lang/ClassLoader findBootstrapClassOrNull (Ljava/lang/String;)Ljava/lang/Class; 2049 1 2949 0 0
ciMethod java/lang/ClassLoader findBootstrapClass (Ljava/lang/String;)Ljava/lang/Class; 3081 1 385 0 -1
ciMethod java/lang/ClassLoader findLoadedClass (Ljava/lang/String;)Ljava/lang/Class; 3113 1 5513 0 0
ciMethod java/lang/ClassLoader findLoadedClass0 (Ljava/lang/String;)Ljava/lang/Class; 3073 1 384 0 -1
ciMethod java/lang/ClassLoader definePackage (Ljava/lang/String;Ljava/lang/Module;)Ljava/lang/Package; 2049 1 2125 0 0
ciMethod java/lang/ClassLoader definePackage (Ljava/lang/String;Ljava/lang/String;Ljava/lang/String;Ljava/lang/String;Ljava/lang/String;Ljava/lang/String;Ljava/lang/String;Ljava/net/URL;)Ljava/lang/Package; 521 1 327 0 0
ciMethod java/lang/ClassLoader getDefinedPackage (Ljava/lang/String;)Ljava/lang/Package; 4097 1 2441 0 0
ciMethod java/lang/System getSecurityManager ()Ljava/lang/SecurityManager; 3073 1 22035 0 0
ciMethod java/lang/System arraycopy (Ljava/lang/Object;ILjava/lang/Object;II)V 2049 1 256 0 -1
ciMethod java/security/SecureClassLoader defineClass (Ljava/lang/String;[BIILjava/security/CodeSource;)Ljava/lang/Class; 3097 1 2409 0 0
ciMethod java/security/SecureClassLoader defineClass (Ljava/lang/String;Ljava/nio/ByteBuffer;Ljava/security/CodeSource;)Ljava/lang/Class; 97 1 39 0 -1
ciMethod java/security/SecureClassLoader getProtectionDomain (Ljava/security/CodeSource;)Ljava/security/ProtectionDomain; 3073 1 2450 0 -1
ciMethod java/lang/ref/Reference get ()Ljava/lang/Object; 0 0 1 0 -1
ciMethod java/lang/ref/Reference <init> (Ljava/lang/Object;)V 2169 1 7882 0 0
ciMethod java/lang/ref/Reference <init> (Ljava/lang/Object;Ljava/lang/ref/ReferenceQueue;)V 2089 1 15543 0 448
ciMethod java/lang/ref/SoftReference <init> (Ljava/lang/Object;)V 473 1 2104 0 0
ciMethod java/lang/ref/SoftReference get ()Ljava/lang/Object; 2049 1 10332 0 160
ciMethod java/lang/Thread currentThread ()Ljava/lang/Thread; 2049 1 256 0 -1
ciMethod java/lang/Thread interrupt ()V 0 0 1 0 -1
ciMethod java/lang/Thread interrupted ()Z 4097 1 2420 0 -1
ciMethod java/util/Map get (Ljava/lang/Object;)Ljava/lang/Object; 0 0 1 0 -1
ciMethod java/lang/Module isNamed ()Z 2057 1 3929 0 0
ciMethod java/lang/invoke/DirectMethodHandle internalMemberName (Ljava/lang/Object;)Ljava/lang/Object; 2633 1 6279 0 -1
ciMethod jdk/internal/misc/Unsafe ensureClassInitialized (Ljava/lang/Class;)V 121 1 430 0 -1
ciMethod jdk/internal/misc/Unsafe getObjectAcquire (Ljava/lang/Object;J)Ljava/lang/Object; 2073 1 39303 0 -1
ciMethod java/io/ByteArrayInputStream <init> ([B)V 33 1 14 0 -1
ciMethod java/io/InputStream read ([BII)I 0 0 1 0 -1
ciMethod java/io/InputStream close ()V 0 0 1 0 -1
ciMethod java/util/jar/Manifest <init> (Ljava/io/InputStream;)V 177 1 58 0 0
ciMethod java/util/jar/Manifest <init> (Ljava/util/jar/JarVerifier;Ljava/io/InputStream;)V 185 1 59 0 -1
ciMethod java/util/jar/Manifest getMainAttributes ()Ljava/util/jar/Attributes; 1049 1 131 0 0
ciMethod java/util/jar/Manifest getEntries ()Ljava/util/Map; 1041 1 130 0 0
ciMethod java/util/jar/Manifest getAttributes (Ljava/lang/String;)Ljava/util/jar/Attributes; 3377 1 2406 0 0
ciMethod java/util/jar/Manifest getTrustedAttributes (Ljava/lang/String;)Ljava/util/jar/Attributes; 2353 1 2406 0 0
ciMethod jdk/internal/loader/BuiltinClassLoader hasClassPath ()Z 2057 1 5439 0 0
ciMethod jdk/internal/loader/BuiltinClassLoader loadClassOrNull (Ljava/lang/String;Z)Ljava/lang/Class; 3097 1 5508 0 0
ciMethod jdk/internal/loader/BuiltinClassLoader loadClassOrNull (Ljava/lang/String;)Ljava/lang/Class; 3073 1 2527 0 0
ciMethod jdk/internal/loader/BuiltinClassLoader findLoadedModule (Ljava/lang/String;)Ljdk/internal/loader/BuiltinClassLoader$LoadedModule; 3113 1 5465 0 0
ciMethod jdk/internal/loader/BuiltinClassLoader findClassInModuleOrNull (Ljdk/internal/loader/BuiltinClassLoader$LoadedModule;Ljava/lang/String;)Ljava/lang/Class; 33 1 40 0 0
ciMethod jdk/internal/loader/BuiltinClassLoader findClassOnClassPathOrNull (Ljava/lang/String;)Ljava/lang/Class; 1041 1 2513 0 0
ciMethod jdk/internal/loader/BuiltinClassLoader defineClass (Ljava/lang/String;Ljdk/internal/loader/BuiltinClassLoader$LoadedModule;)Ljava/lang/Class; 33 1 40 0 -1
ciMethod jdk/internal/loader/BuiltinClassLoader defineClass (Ljava/lang/String;Ljdk/internal/loader/Resource;)Ljava/lang/Class; 3097 1 2410 0 0
ciMethod jdk/internal/loader/BuiltinClassLoader defineOrCheckPackage (Ljava/lang/String;Ljava/util/jar/Manifest;Ljava/net/URL;)Ljava/lang/Package; 3137 1 2410 0 0
ciMethod jdk/internal/loader/BuiltinClassLoader getAndVerifyPackage (Ljava/lang/String;Ljava/util/jar/Manifest;Ljava/net/URL;)Ljava/lang/Package; 3137 1 2410 0 0
ciMethod jdk/internal/loader/BuiltinClassLoader definePackage (Ljava/lang/String;Ljava/util/jar/Manifest;Ljava/net/URL;)Ljava/lang/Package; 513 1 324 0 0
ciMethod jdk/internal/loader/BuiltinClassLoader isSealed (Ljava/lang/String;Ljava/util/jar/Manifest;)Z 2049 1 2080 0 0
ciMethod java/security/CodeSource <init> (Ljava/net/URL;[Ljava/security/CodeSigner;)V 2057 1 2448 0 0
ciMethod java/lang/Character toUpperCaseEx (I)I 3089 1 25944 0 -1
ciMethod java/util/Set add (Ljava/lang/Object;)Z 0 0 1 0 -1
ciMethod java/util/Objects equals (Ljava/lang/Object;Ljava/lang/Object;)Z 2545 1 14757 0 -1
ciMethod java/util/Objects requireNonNull (Ljava/lang/Object;)Ljava/lang/Object; 2049 1 35520 0 -1
ciMethod java/util/Objects requireNonNull (Ljava/lang/Object;Ljava/lang/String;)Ljava/lang/Object; 2065 1 28219 0 64
ciMethod java/util/HashMap hash (Ljava/lang/Object;)I 2121 1 48014 0 0
ciMethod java/util/HashMap get (Ljava/lang/Object;)Ljava/lang/Object; 4097 1 17364 0 0
ciMethod java/util/HashMap getNode (ILjava/lang/Object;)Ljava/util/HashMap$Node; 3617 121 13216 0 672
ciMethod java/util/concurrent/ConcurrentHashMap spread (I)I 2937 1 21100 0 0
ciMethod java/util/concurrent/ConcurrentHashMap tabAt ([Ljava/util/concurrent/ConcurrentHashMap$Node;I)Ljava/util/concurrent/ConcurrentHashMap$Node; 2073 1 39254 0 64
ciMethod java/util/concurrent/ConcurrentHashMap casTabAt ([Ljava/util/concurrent/ConcurrentHashMap$Node;ILjava/util/concurrent/ConcurrentHashMap$Node;Ljava/util/concurrent/ConcurrentHashMap$Node;)Z 1937 1 10555 0 -1
ciMethod java/util/concurrent/ConcurrentHashMap setTabAt ([Ljava/util/concurrent/ConcurrentHashMap$Node;ILjava/util/concurrent/ConcurrentHashMap$Node;)V 2553 1 6473 0 -1
ciMethod java/util/concurrent/ConcurrentHashMap get (Ljava/lang/Object;)Ljava/lang/Object; 2065 9 6168 0 0
ciMethod java/util/concurrent/ConcurrentHashMap putVal (Ljava/lang/Object;Ljava/lang/Object;Z)Ljava/lang/Object; 2049 57 11771 0 -1
ciMethod java/util/concurrent/ConcurrentHashMap putIfAbsent (Ljava/lang/Object;Ljava/lang/Object;)Ljava/lang/Object; 4097 1 12586 0 0
ciMethod java/util/concurrent/ConcurrentHashMap compute (Ljava/lang/Object;Ljava/util/function/BiFunction;)Ljava/lang/Object; 1 1 2 0 0
ciMethod java/util/concurrent/ConcurrentHashMap initTable ()[Ljava/util/concurrent/ConcurrentHashMap$Node; 41 1 313 0 -1
ciMethod java/util/concurrent/ConcurrentHashMap addCount (JI)V 2033 1 6410 0 -1
ciMethod java/util/concurrent/ConcurrentHashMap helpTransfer ([Ljava/util/concurrent/ConcurrentHashMap$Node;Ljava/util/concurrent/ConcurrentHashMap$Node;)[Ljava/util/concurrent/ConcurrentHashMap$Node; 0 0 1 0 -1
ciMethod java/util/concurrent/ConcurrentHashMap treeifyBin ([Ljava/util/concurrent/ConcurrentHashMap$Node;I)V 0 0 1 0 -1
ciMethod java/util/concurrent/ConcurrentHashMap$Node <init> (ILjava/lang/Object;Ljava/lang/Object;)V 2009 1 12003 0 -1
ciMethod java/util/concurrent/ConcurrentHashMap$Node find (ILjava/lang/Object;)Ljava/util/concurrent/ConcurrentHashMap$Node; 0 0 1 0 -1
ciMethod java/util/concurrent/ConcurrentHashMap$ReservationNode <init> ()V 697 1 250 0 -1
ciMethod jdk/internal/misc/SharedSecrets javaUtilJarAccess ()Ljdk/internal/misc/JavaUtilJarAccess; 2041 1 5323 0 0
ciMethod jdk/internal/misc/VM initLevel ()I 2049 1 3743 0 0
ciMethod jdk/internal/misc/VM isModuleSystemInited ()Z 2049 1 3660 0 0
ciMethod java/lang/StringLatin1 charAt ([BI)C 2305 1 614817 0 192
ciMethod java/lang/StringLatin1 canEncode (I)Z 2049 1 99900 0 96
ciMethod java/lang/StringLatin1 equals ([B[B)Z 2209 2345 5566 0 -1
ciMethod java/lang/StringLatin1 hashCode ([B)I 1185 22681 1454 0 384
ciMethod java/lang/StringLatin1 indexOf ([BII)I 2281 24817 2719 0 448
ciMethod java/lang/StringLatin1 lastIndexOf ([BII)I 849 25425 537 0 448
ciMethod java/lang/StringLatin1 replace ([BCC)Ljava/lang/String; 1265 87081 750 0 1536
ciMethod java/lang/StringLatin1 regionMatchesCI ([BI[BII)Z 4089 8193 5244 0 -1
ciMethod java/lang/StringLatin1 regionMatchesCI_UTF16 ([BI[BII)Z 0 0 1 0 -1
ciMethod java/lang/StringLatin1 toUpperCase (Ljava/lang/String;[BLjava/util/Locale;)Ljava/lang/String; 57 1097 1059 0 2592
ciMethod java/lang/StringLatin1 toUpperCaseEx (Ljava/lang/String;[BILjava/util/Locale;Z)Ljava/lang/String; 0 0 1 0 -1
ciMethod java/lang/StringLatin1 newString ([BII)Ljava/lang/String; 2057 1 37972 0 0
ciMethod java/lang/StringLatin1 inflate ([BI[BII)V 0 0 16 0 -1
ciMethod java/lang/Math min (II)I 2073 1 52300 0 -1
ciMethod java/util/Arrays copyOf ([BI)[B 1249 1 32181 0 480
ciMethod java/util/Arrays copyOfRange ([BII)[B 2057 1 5382 0 640
ciMethod jdk/internal/misc/JavaLangAccess findBootstrapClassOrNull (Ljava/lang/ClassLoader;Ljava/lang/String;)Ljava/lang/Class; 0 0 1 0 -1
ciMethod java/lang/System$2 findBootstrapClassOrNull (Ljava/lang/ClassLoader;Ljava/lang/String;)Ljava/lang/Class; 2049 1 2949 0 0
ciMethod java/util/LinkedHashMap afterNodeAccess (Ljava/util/HashMap$Node;)V 89 1 600 0 -1
ciMethod java/util/LinkedHashMap get (Ljava/lang/Object;)Ljava/lang/Object; 3081 1 5520 0 832
ciMethodData java/lang/String isLatin1 ()Z 2 755599 orig 320 176 125 141 207 254 7 0 0 136 163 252 29 0 0 0 0 200 1 0 0 32 0 0 0 0 0 0 0 0 0 0 0 0 0 0 0 0 0 0 0 0 0 0 0 0 0 0 0 0 0 0 0 0 0 0 0 0 0 0 0 0 0 0 0 0 0 0 0 0 0 0 0 